10:36:39.926 [main                     ] DEBUG GameApplication      - Logger initialized
10:36:39.950 [main                     ] DEBUG GameApplication      - Logging settings
Title: SPENCER - Zealand
Version: 1.0
Width: 900
Height: 900
Fullscreen: false
Intro: false
Menus: true
Profiling: false
Single step:false
App Mode: DEVELOPER
Menu Key: ESCAPE
Stage Style: DECORATED
Scene Factory: class PokeBounce.pokebounce.BasicGameApp$1
Dialog Factory: class com.almasb.fxgl.ui.FXGLDialogFactory
UI Factory: class com.almasb.fxgl.ui.FXGLUIFactory

10:36:40.187 [JavaFX Application Thread] DEBUG Engine               - Initializing FXGL
10:36:40.187 [JavaFX Application Thread] INFO  Engine               - FXGL-11.7 (05.01.2020 09.46) on WINDOWS (J:11.0.4 FX:10.0.2-internal)
10:36:40.188 [JavaFX Application Thread] INFO  Engine               - Source code and latest versions at: https://github.com/AlmasB/FXGL
10:36:40.188 [JavaFX Application Thread] INFO  Engine               -              Join the FXGL chat at: https://gitter.im/AlmasB/FXGL
10:36:40.188 [JavaFX Application Thread] DEBUG Engine               - Initializing environment variables
10:36:40.190 [JavaFX Application Thread] DEBUG Engine               - Logging environment variables
10:36:40.191 [JavaFX Application Thread] DEBUG Engine               - achievements: []
10:36:40.191 [JavaFX Application Thread] DEBUG Engine               - sceneStack: com.almasb.fxgl.app.Engine@2e87aeb8
10:36:40.191 [JavaFX Application Thread] DEBUG Engine               - language: ObjectProperty [value: ENGLISH]
10:36:40.191 [JavaFX Application Thread] DEBUG Engine               - isCloseConfirmation: false
10:36:40.191 [JavaFX Application Thread] DEBUG Engine               - isProfilingEnabled: false
10:36:40.191 [JavaFX Application Thread] DEBUG Engine               - soundNotification: core/notification.wav
10:36:40.191 [JavaFX Application Thread] DEBUG Engine               - devShowBBoxProperty: BooleanProperty [value: false]
10:36:40.192 [JavaFX Application Thread] DEBUG Engine               - pixelsPerMeter: 50.0
10:36:40.192 [JavaFX Application Thread] DEBUG Engine               - overlayRoot: Group@36f946fe
10:36:40.193 [JavaFX Application Thread] DEBUG Engine               - appIcon: enemy.png
10:36:40.193 [JavaFX Application Thread] DEBUG Engine               - soundMenuBack: menu/back.wav
10:36:40.193 [JavaFX Application Thread] DEBUG Engine               - isFullScreenAllowed: false
10:36:40.193 [JavaFX Application Thread] DEBUG Engine               - isIntroEnabled: false
10:36:40.193 [JavaFX Application Thread] DEBUG Engine               - eventBus: com.almasb.fxgl.event.EventBus@574c3dae
10:36:40.193 [JavaFX Application Thread] DEBUG Engine               - fontMono: lucida_console.ttf
10:36:40.193 [JavaFX Application Thread] DEBUG Engine               - soundMenuSelect: menu/select.wav
10:36:40.193 [JavaFX Application Thread] DEBUG Engine               - isWindows: true
10:36:40.193 [JavaFX Application Thread] DEBUG Engine               - isMobile: false
10:36:40.194 [JavaFX Application Thread] DEBUG Engine               - height: 900
10:36:40.194 [JavaFX Application Thread] DEBUG Engine               - isExperimentalNative: false
10:36:40.194 [JavaFX Application Thread] DEBUG Engine               - isSingleStep: false
10:36:40.194 [JavaFX Application Thread] DEBUG Engine               - cSSList: [fxgl_dark.css]
10:36:40.194 [JavaFX Application Thread] DEBUG Engine               - fontGame: Abel-Regular.ttf
10:36:40.194 [JavaFX Application Thread] DEBUG Engine               - menuKey: ESCAPE
10:36:40.194 [JavaFX Application Thread] DEBUG Engine               - devShowPositionProperty: BooleanProperty [value: false]
10:36:40.194 [JavaFX Application Thread] DEBUG Engine               - versionCheckDays: 7
10:36:40.195 [JavaFX Application Thread] DEBUG Engine               - masterTimer: com.almasb.fxgl.time.Timer@44adbb91
10:36:40.195 [JavaFX Application Thread] DEBUG Engine               - configClass: Optional.empty
10:36:40.195 [JavaFX Application Thread] DEBUG Engine               - isFullScreenFromStart: false
10:36:40.195 [JavaFX Application Thread] DEBUG Engine               - version: 1.0
10:36:40.195 [JavaFX Application Thread] DEBUG Engine               - fullScreen: BooleanProperty [value: false]
10:36:40.195 [JavaFX Application Thread] DEBUG Engine               - randomSeed: -1
10:36:40.195 [JavaFX Application Thread] DEBUG Engine               - dialogFactory: com.almasb.fxgl.ui.FXGLDialogFactory@504e9fc5
10:36:40.195 [JavaFX Application Thread] DEBUG Engine               - applicationMode: DEVELOPER
10:36:40.195 [JavaFX Application Thread] DEBUG Engine               - isMac: false
10:36:40.195 [JavaFX Application Thread] DEBUG Engine               - urlGoogleForms: https://goo.gl/forms/6wrMnOBxTE1fEpOy2
10:36:40.196 [JavaFX Application Thread] DEBUG Engine               - isMenuEnabled: true
10:36:40.196 [JavaFX Application Thread] DEBUG Engine               - profileName: user.profile
10:36:40.196 [JavaFX Application Thread] DEBUG Engine               - urlPOM: https://raw.githubusercontent.com/AlmasB/FXGL/master/pom.xml
10:36:40.196 [JavaFX Application Thread] DEBUG Engine               - notificationViewClass: class com.almasb.fxgl.notification.view.XboxNotificationView
10:36:40.196 [JavaFX Application Thread] DEBUG Engine               - devSensorColorProperty: ObjectProperty [value: 0xffff00ff]
10:36:40.196 [JavaFX Application Thread] DEBUG Engine               - sceneFactory: PokeBounce.pokebounce.BasicGameApp$1@2c7cfd84
10:36:40.196 [JavaFX Application Thread] DEBUG Engine               - dataFileExt: .dat
10:36:40.197 [JavaFX Application Thread] DEBUG Engine               - stageStyle: DECORATED
10:36:40.197 [JavaFX Application Thread] DEBUG Engine               - isManualResizeEnabled: false
10:36:40.197 [JavaFX Application Thread] DEBUG Engine               - title: SPENCER - Zealand
10:36:40.197 [JavaFX Application Thread] DEBUG Engine               - platform: WINDOWS
10:36:40.197 [JavaFX Application Thread] DEBUG Engine               - devBBoxColorProperty: ObjectProperty [value: 0xff0000ff]
10:36:40.197 [JavaFX Application Thread] DEBUG Engine               - isDesktop: true
10:36:40.197 [JavaFX Application Thread] DEBUG Engine               - credits: []
10:36:40.197 [JavaFX Application Thread] DEBUG Engine               - globalMusicVolumeProperty: DoubleProperty [value: 0.5]
10:36:40.197 [JavaFX Application Thread] DEBUG Engine               - uIFactory: com.almasb.fxgl.ui.FXGLUIFactory@1a6b14e8
10:36:40.197 [JavaFX Application Thread] DEBUG Engine               - isPreserveResizeRatio: false
10:36:40.197 [JavaFX Application Thread] DEBUG Engine               - fontText: Courier-Prime.ttf
10:36:40.198 [JavaFX Application Thread] DEBUG Engine               - isExperimentalTiledLargeMap: false
10:36:40.198 [JavaFX Application Thread] DEBUG Engine               - secondsIn24h: 60
10:36:40.198 [JavaFX Application Thread] DEBUG Engine               - runtimeInfo: RuntimeInfo(platform=WINDOWS, version=11.7, build=05.01.2020 09.46)
10:36:40.198 [JavaFX Application Thread] DEBUG Engine               - soundMenuPress: menu/press.wav
10:36:40.198 [JavaFX Application Thread] DEBUG Engine               - isLinux: false
10:36:40.198 [JavaFX Application Thread] DEBUG Engine               - urlGithub: https://github.com/AlmasB/FXGL
10:36:40.198 [JavaFX Application Thread] DEBUG Engine               - profileDir: profiles/
10:36:40.198 [JavaFX Application Thread] DEBUG Engine               - isDeveloperMenuEnabled: false
10:36:40.198 [JavaFX Application Thread] DEBUG Engine               - globalSoundVolumeProperty: DoubleProperty [value: 0.5]
10:36:40.198 [JavaFX Application Thread] DEBUG Engine               - isBrowser: false
10:36:40.198 [JavaFX Application Thread] DEBUG Engine               - globalSoundVolume: 0.5
10:36:40.198 [JavaFX Application Thread] DEBUG Engine               - urlLeaderboard: http://fxgl-top.herokuapp.com/
10:36:40.199 [JavaFX Application Thread] DEBUG Engine               - saveDir: saves/
10:36:40.199 [JavaFX Application Thread] DEBUG Engine               - engineServices: [class com.almasb.fxgl.audio.AudioPlayer, class com.almasb.fxgl.notification.impl.NotificationServiceProvider, class com.almasb.fxgl.achievement.AchievementManager, class com.almasb.fxgl.cutscene.CutsceneService, class com.almasb.fxgl.minigames.MiniGameService]
10:36:40.199 [JavaFX Application Thread] DEBUG Engine               - globalMusicVolume: 0.5
10:36:40.199 [JavaFX Application Thread] DEBUG Engine               - width: 900
10:36:40.199 [JavaFX Application Thread] DEBUG Engine               - saveFileExt: .sav
10:36:40.199 [JavaFX Application Thread] DEBUG Engine               - isAndroid: false
10:36:40.199 [JavaFX Application Thread] DEBUG Engine               - fontUI: VarelaRound-Regular.ttf
10:36:40.199 [JavaFX Application Thread] DEBUG Engine               - enabledMenuItems: []
10:36:40.199 [JavaFX Application Thread] DEBUG Engine               - isIOS: false
10:36:40.201 [JavaFX Application Thread] DEBUG Engine               - Adding new engine service: class com.almasb.fxgl.audio.AudioPlayer
10:36:40.202 [JavaFX Application Thread] DEBUG Engine               - Adding new engine service: class com.almasb.fxgl.notification.impl.NotificationServiceProvider
10:36:40.202 [JavaFX Application Thread] DEBUG Engine               - Adding new engine service: class com.almasb.fxgl.achievement.AchievementManager
10:36:40.203 [JavaFX Application Thread] DEBUG Engine               - Adding new engine service: class com.almasb.fxgl.cutscene.CutsceneService
10:36:40.203 [JavaFX Application Thread] DEBUG Engine               - Adding new engine service: class com.almasb.fxgl.minigames.MiniGameService
10:36:40.206 [JavaFX Application Thread] DEBUG Engine               - Loading localizations
10:36:40.208 [JavaFX Application Thread] DEBUG AssetLoader          - Loading from file system: /assets/properties/languages/english.properties
10:36:40.210 [JavaFX Application Thread] DEBUG AssetLoader          - Loading from file system: /assets/properties/languages/french.properties
10:36:40.211 [JavaFX Application Thread] DEBUG AssetLoader          - Loading from file system: /assets/properties/languages/german.properties
10:36:40.211 [JavaFX Application Thread] DEBUG AssetLoader          - Loading from file system: /assets/properties/languages/russian.properties
10:36:40.213 [JavaFX Application Thread] DEBUG AssetLoader          - Loading from file system: /assets/properties/languages/hungarian.properties
10:36:40.214 [JavaFX Application Thread] DEBUG Engine               - Registering font factories
10:36:40.215 [JavaFX Application Thread] DEBUG AssetLoader          - Loading from file system: /assets/ui/fonts/VarelaRound-Regular.ttf
10:36:40.446 [JavaFX Application Thread] DEBUG AssetLoader          - Loading from file system: /assets/ui/fonts/Abel-Regular.ttf
10:36:40.456 [JavaFX Application Thread] DEBUG AssetLoader          - Loading from file system: /assets/ui/fonts/lucida_console.ttf
10:36:40.470 [JavaFX Application Thread] DEBUG AssetLoader          - Loading from file system: /assets/ui/fonts/Courier-Prime.ttf
10:36:40.482 [JavaFX Application Thread] DEBUG Engine               - Setting UI factory
10:36:40.597 [JavaFX Application Thread] DEBUG AssetLoader          - Loading from file system: /assets/textures/fxgl_logo.png
10:36:40.675 [JavaFX Application Thread] DEBUG MainWindow           - Creating a JavaFX scene
10:36:40.676 [JavaFX Application Thread] DEBUG MainWindow           - Target size > screen size
10:36:40.720 [JavaFX Application Thread] DEBUG MainWindow           - Target settings size: 900.0 x 900.0
10:36:40.720 [JavaFX Application Thread] DEBUG MainWindow           - Scaled scene size:    799.0 x 824.0
10:36:40.720 [JavaFX Application Thread] DEBUG MainWindow           - Scaled ratio: (0.8877777777777778, 0.9155555555555556)
10:36:40.722 [JavaFX Application Thread] DEBUG MainWindow           - Set initial scene to FXGLStartupScene
10:36:40.729 [JavaFX Application Thread] DEBUG AssetLoader          - Loading from file system: /assets/textures/enemy.png
10:36:40.733 [JavaFX Application Thread] DEBUG Engine               - Applying CSS: fxgl_dark.css
10:36:40.733 [JavaFX Application Thread] DEBUG AssetLoader          - Loading from file system: /assets/ui/css/fxgl_dark.css
10:36:40.737 [JavaFX Application Thread] DEBUG AssetLoader          - Loading from file system: /assets/ui/cursors/fxgl_default.png
10:36:40.738 [JavaFX Application Thread] DEBUG MainWindow           - Opening main window
10:36:40.919 [JavaFX Application Thread] DEBUG MainWindow           - Window border size: (14.5999755859375, 37.5999755859375)
10:36:40.919 [JavaFX Application Thread] DEBUG MainWindow           - Scaled size: 799.0 x 824.0
10:36:40.919 [JavaFX Application Thread] DEBUG MainWindow           - Scaled ratio: (0.8877777777777778, 0.9155555555555556)
10:36:40.919 [JavaFX Application Thread] DEBUG MainWindow           - Scene size: 799.0 x 824.0
10:36:40.920 [JavaFX Application Thread] DEBUG MainWindow           - Stage size: 813.5999755859375 x 861.5999755859375
10:36:40.945 [FXGL Background Thread 1 ] DEBUG FS                   - Loaded FSServiceImpl
10:36:40.946 [FXGL Background Thread 1 ] DEBUG Engine               - Loading FXGL system data
10:36:40.954 [FXGL Background Thread 1 ] DEBUG FSServiceImpl        - Reading from: C:\Users\Patrick\Desktop\Demo1\system\fxgl.bundle
10:36:40.970 [FXGL Background Thread 1 ] DEBUG Engine               - Bundle FXGL: {}
10:36:40.970 [FXGL Background Thread 1 ] DEBUG Engine               - Initializing application scenes
10:36:41.003 [FXGL Background Thread 1 ] DEBUG GameWorld            - Game world initialized
10:36:41.077 [FXGL Background Thread 1 ] DEBUG PhysicsWorld         - Physics world initialized: appHeight=900, physics.ppm=50,0
10:36:41.079 [FXGL Background Thread 1 ] DEBUG GameScene            - Game scene initialized: 900x900
10:36:41.124 [FXGL Background Thread 1 ] DEBUG AssetLoader          - Loading from file system: /assets/textures/MainMenu.gif
10:36:41.427 [FXGL Background Thread 1 ] DEBUG AssetLoader          - Loading from file system: /assets/textures/mainMenu.gif
10:36:41.617 [FXGL Background Thread 1 ] DEBUG Engine               - Application scenes initialized
10:36:41.620 [JavaFX Application Thread] DEBUG Engine               - Running preInit()
10:36:41.630 [JavaFX Application Thread] DEBUG Input                - Registered new binding: Move Right - D
10:36:41.630 [JavaFX Application Thread] DEBUG Input                - Registered new binding: Move Left - A
10:36:41.630 [JavaFX Application Thread] DEBUG Input                - Registered new binding: Move Up - W
10:36:41.630 [JavaFX Application Thread] DEBUG Input                - Registered new binding: Move Down - S
10:36:41.631 [JavaFX Application Thread] DEBUG Input                - Registered new binding: Screenshot - P
10:36:41.631 [JavaFX Application Thread] DEBUG Input                - Registered new binding: System info dump - CTRL+9
10:36:41.631 [JavaFX Application Thread] DEBUG Input                - Registered new binding: Restart - CTRL+R
10:36:41.631 [JavaFX Application Thread] DEBUG Engine               - generateDefaultProfile()
10:36:41.632 [JavaFX Application Thread] DEBUG Engine               - Creating default profile
10:36:41.632 [JavaFX Application Thread] DEBUG EventBus             - Firing event: SaveEvent
10:36:41.643 [JavaFX Application Thread] DEBUG AssetLoader          - Loading from file system: /assets/music/MainMenuMusic.mp3
10:36:41.727 [JavaFX Application Thread] DEBUG AudioPlayer          - Playing music com.almasb.fxgl.audio.Music@261c9e0d
10:36:41.727 [JavaFX Application Thread] INFO  Engine               - FXGL initialization took: 1,521 sec
10:36:41.727 [JavaFX Application Thread] DEBUG LoopRunner           - Starting loop
10:36:41.729 [JavaFX Application Thread] DEBUG FXGLStartupScene     - STARTUP
10:36:41.731 [JavaFX Application Thread] DEBUG Input                - Clearing active input actions
10:36:41.741 [JavaFX Application Thread] DEBUG Engine               - Removing overlay from FXGLStartupScene and adding to PokeBounceMainMenu
10:36:41.742 [JavaFX Application Thread] DEBUG MainWindow           - FXGLStartupScene -> PokeBounceMainMenu
10:36:45.406 [JavaFX Application Thread] DEBUG Menu                 - fireNewGame()
10:36:45.407 [JavaFX Application Thread] DEBUG Engine               - Starting new game
10:36:45.413 [JavaFX Application Thread] DEBUG Input                - Clearing active input actions
10:36:45.413 [FXGL Background Thread 1 ] DEBUG InitAppTask          - Clearing previous game
10:36:45.413 [FXGL Background Thread 1 ] DEBUG GameWorld            - Clearing game world
10:36:45.413 [FXGL Background Thread 1 ] DEBUG PhysicsWorld         - Clearing physics world
10:36:45.413 [FXGL Background Thread 1 ] DEBUG GameScene            - Clearing game scene
10:36:45.414 [FXGL Background Thread 1 ] DEBUG InitAppTask          - Initializing Game
10:36:45.414 [FXGL Background Thread 1 ] DEBUG AudioPlayer          - Stopping music com.almasb.fxgl.audio.Music@261c9e0d
10:36:45.424 [JavaFX Application Thread] DEBUG Engine               - Removing overlay from PokeBounceMainMenu and adding to LoadingScene
10:36:45.425 [JavaFX Application Thread] DEBUG MainWindow           - PokeBounceMainMenu -> LoadingScene
10:36:45.512 [FXGL Background Thread 1 ] DEBUG AssetLoader          - Loading from file system: /assets/music/InGameMusic.mp3
10:36:45.519 [FXGL Background Thread 1 ] DEBUG AudioPlayer          - Playing music com.almasb.fxgl.audio.Music@723b7c00
10:36:45.526 [FXGL Background Thread 1 ] DEBUG AssetLoader          - Loading from file system: /assets/sounds/NewEvilPuffEntry.wav
10:36:45.532 [FXGL Background Thread 1 ] DEBUG AssetLoader          - Loading from file system: /assets/sounds/NewCoinEntry.wav
10:36:45.535 [FXGL Background Thread 1 ] DEBUG AssetLoader          - Loading from file system: /assets/sounds/PowerUpSpawn.wav
10:36:45.544 [FXGL Background Thread 1 ] DEBUG AssetLoader          - Loading from file system: /assets/textures/enemy.gif
10:36:45.560 [FXGL Background Thread 1 ] DEBUG AssetLoader          - Loading from file system: /assets/textures/newPlayer.gif
10:36:45.563 [FXGL Background Thread 1 ] DEBUG AssetLoader          - Loading from file system: /assets/textures/NewBackGround900.gif
10:36:45.661 [FXGL Background Thread 1 ] DEBUG InitAppTask          - Initializing Physics
10:36:45.661 [FXGL Background Thread 1 ] DEBUG InitAppTask          - Initializing UI
10:36:45.663 [FXGL Background Thread 1 ] DEBUG InitAppTask          - Initialization Complete
10:36:45.663 [FXGL Background Thread 1 ] INFO  InitAppTask          - Game initialization took: 0,251 sec
10:36:45.673 [JavaFX Application Thread] DEBUG Input                - Clearing active input actions
10:36:45.682 [JavaFX Application Thread] DEBUG Engine               - Removing overlay from LoadingScene and adding to GameScene
10:36:45.682 [JavaFX Application Thread] DEBUG MainWindow           - LoadingScene -> GameScene
10:36:45.690 [JavaFX Application Thread] DEBUG AssetLoader          - Loading from cache: /assets/textures/enemy.gif
10:36:45.695 [JavaFX Application Thread] DEBUG AssetLoader          - Loading from cache: /assets/textures/newPlayer.gif
10:36:45.705 [JavaFX Application Thread] DEBUG AssetLoader          - Loading from cache: /assets/textures/enemy.gif
10:36:45.706 [JavaFX Application Thread] DEBUG AssetLoader          - Loading from cache: /assets/textures/newPlayer.gif
10:36:45.721 [JavaFX Application Thread] DEBUG AssetLoader          - Loading from cache: /assets/textures/enemy.gif
10:36:45.722 [JavaFX Application Thread] DEBUG AssetLoader          - Loading from cache: /assets/textures/newPlayer.gif
10:36:45.738 [JavaFX Application Thread] DEBUG AssetLoader          - Loading from cache: /assets/textures/enemy.gif
10:36:45.738 [JavaFX Application Thread] DEBUG AssetLoader          - Loading from cache: /assets/textures/newPlayer.gif
10:36:45.753 [JavaFX Application Thread] DEBUG AssetLoader          - Loading from cache: /assets/textures/enemy.gif
10:36:45.754 [JavaFX Application Thread] DEBUG AssetLoader          - Loading from cache: /assets/textures/newPlayer.gif
10:36:45.769 [JavaFX Application Thread] DEBUG AssetLoader          - Loading from cache: /assets/textures/enemy.gif
10:36:45.770 [JavaFX Application Thread] DEBUG AssetLoader          - Loading from cache: /assets/textures/newPlayer.gif
10:36:45.786 [JavaFX Application Thread] DEBUG AssetLoader          - Loading from cache: /assets/textures/enemy.gif
10:36:45.787 [JavaFX Application Thread] DEBUG AssetLoader          - Loading from cache: /assets/textures/newPlayer.gif
10:36:45.802 [JavaFX Application Thread] DEBUG AssetLoader          - Loading from cache: /assets/textures/enemy.gif
10:36:45.803 [JavaFX Application Thread] DEBUG AssetLoader          - Loading from cache: /assets/textures/newPlayer.gif
10:36:45.834 [JavaFX Application Thread] DEBUG AssetLoader          - Loading from cache: /assets/textures/enemy.gif
10:36:45.837 [JavaFX Application Thread] DEBUG AssetLoader          - Loading from cache: /assets/textures/newPlayer.gif
10:36:45.849 [JavaFX Application Thread] DEBUG AssetLoader          - Loading from cache: /assets/textures/enemy.gif
10:36:45.851 [JavaFX Application Thread] DEBUG AssetLoader          - Loading from cache: /assets/textures/newPlayer.gif
10:36:45.867 [JavaFX Application Thread] DEBUG AssetLoader          - Loading from cache: /assets/textures/enemy.gif
10:36:45.869 [JavaFX Application Thread] DEBUG AssetLoader          - Loading from cache: /assets/textures/newPlayer.gif
10:36:45.883 [JavaFX Application Thread] DEBUG AssetLoader          - Loading from cache: /assets/textures/enemy.gif
10:36:45.885 [JavaFX Application Thread] DEBUG AssetLoader          - Loading from cache: /assets/textures/newPlayer.gif
10:36:45.898 [JavaFX Application Thread] DEBUG AssetLoader          - Loading from cache: /assets/textures/enemy.gif
10:36:45.899 [JavaFX Application Thread] DEBUG AssetLoader          - Loading from cache: /assets/textures/newPlayer.gif
10:36:45.915 [JavaFX Application Thread] DEBUG AssetLoader          - Loading from cache: /assets/textures/enemy.gif
10:36:45.916 [JavaFX Application Thread] DEBUG AssetLoader          - Loading from cache: /assets/textures/newPlayer.gif
10:36:45.931 [JavaFX Application Thread] DEBUG AssetLoader          - Loading from cache: /assets/textures/enemy.gif
10:36:45.932 [JavaFX Application Thread] DEBUG AssetLoader          - Loading from cache: /assets/textures/newPlayer.gif
10:36:45.946 [JavaFX Application Thread] DEBUG AssetLoader          - Loading from cache: /assets/textures/enemy.gif
10:36:45.948 [JavaFX Application Thread] DEBUG AssetLoader          - Loading from cache: /assets/textures/newPlayer.gif
10:36:45.962 [JavaFX Application Thread] DEBUG AssetLoader          - Loading from cache: /assets/textures/enemy.gif
10:36:45.963 [JavaFX Application Thread] DEBUG AssetLoader          - Loading from cache: /assets/textures/newPlayer.gif
10:36:45.978 [JavaFX Application Thread] DEBUG AssetLoader          - Loading from cache: /assets/textures/enemy.gif
10:36:45.980 [JavaFX Application Thread] DEBUG AssetLoader          - Loading from cache: /assets/textures/newPlayer.gif
10:36:45.994 [JavaFX Application Thread] DEBUG AssetLoader          - Loading from cache: /assets/textures/enemy.gif
10:36:45.996 [JavaFX Application Thread] DEBUG AssetLoader          - Loading from cache: /assets/textures/newPlayer.gif
10:36:46.010 [JavaFX Application Thread] DEBUG AssetLoader          - Loading from cache: /assets/textures/enemy.gif
10:36:46.011 [JavaFX Application Thread] DEBUG AssetLoader          - Loading from cache: /assets/textures/newPlayer.gif
10:36:46.026 [JavaFX Application Thread] DEBUG AssetLoader          - Loading from cache: /assets/textures/enemy.gif
10:36:46.027 [JavaFX Application Thread] DEBUG AssetLoader          - Loading from cache: /assets/textures/newPlayer.gif
10:36:46.042 [JavaFX Application Thread] DEBUG AssetLoader          - Loading from cache: /assets/textures/enemy.gif
10:36:46.043 [JavaFX Application Thread] DEBUG AssetLoader          - Loading from cache: /assets/textures/newPlayer.gif
10:36:46.058 [JavaFX Application Thread] DEBUG AssetLoader          - Loading from cache: /assets/textures/enemy.gif
10:36:46.058 [JavaFX Application Thread] DEBUG AssetLoader          - Loading from cache: /assets/textures/newPlayer.gif
10:36:46.090 [JavaFX Application Thread] DEBUG AssetLoader          - Loading from cache: /assets/textures/enemy.gif
10:36:46.091 [JavaFX Application Thread] DEBUG AssetLoader          - Loading from cache: /assets/textures/newPlayer.gif
10:36:46.105 [JavaFX Application Thread] DEBUG AssetLoader          - Loading from cache: /assets/textures/enemy.gif
10:36:46.105 [JavaFX Application Thread] DEBUG AssetLoader          - Loading from cache: /assets/textures/newPlayer.gif
10:36:46.122 [JavaFX Application Thread] DEBUG AssetLoader          - Loading from cache: /assets/textures/enemy.gif
10:36:46.122 [JavaFX Application Thread] DEBUG AssetLoader          - Loading from cache: /assets/textures/newPlayer.gif
10:36:46.137 [JavaFX Application Thread] DEBUG AssetLoader          - Loading from cache: /assets/textures/enemy.gif
10:36:46.138 [JavaFX Application Thread] DEBUG AssetLoader          - Loading from cache: /assets/textures/newPlayer.gif
10:36:46.153 [JavaFX Application Thread] DEBUG AssetLoader          - Loading from cache: /assets/textures/enemy.gif
10:36:46.154 [JavaFX Application Thread] DEBUG AssetLoader          - Loading from cache: /assets/textures/newPlayer.gif
10:36:46.169 [JavaFX Application Thread] DEBUG AssetLoader          - Loading from cache: /assets/textures/enemy.gif
10:36:46.170 [JavaFX Application Thread] DEBUG AssetLoader          - Loading from cache: /assets/textures/newPlayer.gif
10:36:46.185 [JavaFX Application Thread] DEBUG AssetLoader          - Loading from cache: /assets/textures/enemy.gif
10:36:46.185 [JavaFX Application Thread] DEBUG AssetLoader          - Loading from cache: /assets/textures/newPlayer.gif
10:36:46.202 [JavaFX Application Thread] DEBUG AssetLoader          - Loading from cache: /assets/textures/enemy.gif
10:36:46.202 [JavaFX Application Thread] DEBUG AssetLoader          - Loading from cache: /assets/textures/newPlayer.gif
10:36:46.219 [JavaFX Application Thread] DEBUG AssetLoader          - Loading from cache: /assets/textures/enemy.gif
10:36:46.219 [JavaFX Application Thread] DEBUG AssetLoader          - Loading from cache: /assets/textures/newPlayer.gif
10:36:46.234 [JavaFX Application Thread] DEBUG AssetLoader          - Loading from cache: /assets/textures/enemy.gif
10:36:46.235 [JavaFX Application Thread] DEBUG AssetLoader          - Loading from cache: /assets/textures/newPlayer.gif
10:36:46.265 [JavaFX Application Thread] DEBUG AssetLoader          - Loading from cache: /assets/textures/enemy.gif
10:36:46.265 [JavaFX Application Thread] DEBUG AssetLoader          - Loading from cache: /assets/textures/newPlayer.gif
10:36:46.281 [JavaFX Application Thread] DEBUG AssetLoader          - Loading from cache: /assets/textures/enemy.gif
10:36:46.281 [JavaFX Application Thread] DEBUG AssetLoader          - Loading from cache: /assets/textures/newPlayer.gif
10:36:46.298 [JavaFX Application Thread] DEBUG AssetLoader          - Loading from cache: /assets/textures/enemy.gif
10:36:46.298 [JavaFX Application Thread] DEBUG AssetLoader          - Loading from cache: /assets/textures/newPlayer.gif
10:36:46.315 [JavaFX Application Thread] DEBUG AssetLoader          - Loading from cache: /assets/textures/enemy.gif
10:36:46.315 [JavaFX Application Thread] DEBUG AssetLoader          - Loading from cache: /assets/textures/newPlayer.gif
10:36:46.330 [JavaFX Application Thread] DEBUG AssetLoader          - Loading from cache: /assets/textures/enemy.gif
10:36:46.330 [JavaFX Application Thread] DEBUG AssetLoader          - Loading from cache: /assets/textures/newPlayer.gif
10:36:46.346 [JavaFX Application Thread] DEBUG AssetLoader          - Loading from cache: /assets/textures/enemy.gif
10:36:46.347 [JavaFX Application Thread] DEBUG AssetLoader          - Loading from cache: /assets/textures/newPlayer.gif
10:36:46.361 [JavaFX Application Thread] DEBUG AssetLoader          - Loading from cache: /assets/textures/enemy.gif
10:36:46.362 [JavaFX Application Thread] DEBUG AssetLoader          - Loading from cache: /assets/textures/newPlayer.gif
10:36:46.377 [JavaFX Application Thread] DEBUG AssetLoader          - Loading from cache: /assets/textures/enemy.gif
10:36:46.378 [JavaFX Application Thread] DEBUG AssetLoader          - Loading from cache: /assets/textures/newPlayer.gif
10:36:46.394 [JavaFX Application Thread] DEBUG AssetLoader          - Loading from cache: /assets/textures/enemy.gif
10:36:46.394 [JavaFX Application Thread] DEBUG AssetLoader          - Loading from cache: /assets/textures/newPlayer.gif
10:36:46.409 [JavaFX Application Thread] DEBUG AssetLoader          - Loading from cache: /assets/textures/enemy.gif
10:36:46.410 [JavaFX Application Thread] DEBUG AssetLoader          - Loading from cache: /assets/textures/newPlayer.gif
10:36:46.467 [JavaFX Application Thread] DEBUG AssetLoader          - Loading from cache: /assets/textures/enemy.gif
10:36:46.468 [JavaFX Application Thread] DEBUG AssetLoader          - Loading from cache: /assets/textures/newPlayer.gif
10:36:46.473 [JavaFX Application Thread] DEBUG AssetLoader          - Loading from cache: /assets/textures/enemy.gif
10:36:46.473 [JavaFX Application Thread] DEBUG AssetLoader          - Loading from cache: /assets/textures/newPlayer.gif
10:36:46.506 [JavaFX Application Thread] DEBUG AssetLoader          - Loading from cache: /assets/textures/enemy.gif
10:36:46.506 [JavaFX Application Thread] DEBUG AssetLoader          - Loading from cache: /assets/textures/newPlayer.gif
10:36:46.523 [JavaFX Application Thread] DEBUG AssetLoader          - Loading from cache: /assets/textures/enemy.gif
10:36:46.523 [JavaFX Application Thread] DEBUG AssetLoader          - Loading from cache: /assets/textures/newPlayer.gif
10:36:46.538 [JavaFX Application Thread] DEBUG AssetLoader          - Loading from cache: /assets/textures/enemy.gif
10:36:46.539 [JavaFX Application Thread] DEBUG AssetLoader          - Loading from cache: /assets/textures/newPlayer.gif
10:36:46.553 [JavaFX Application Thread] DEBUG AssetLoader          - Loading from cache: /assets/textures/enemy.gif
10:36:46.554 [JavaFX Application Thread] DEBUG AssetLoader          - Loading from cache: /assets/textures/newPlayer.gif
10:36:46.569 [JavaFX Application Thread] DEBUG AssetLoader          - Loading from cache: /assets/textures/enemy.gif
10:36:46.570 [JavaFX Application Thread] DEBUG AssetLoader          - Loading from cache: /assets/textures/newPlayer.gif
10:36:46.599 [JavaFX Application Thread] DEBUG AssetLoader          - Loading from cache: /assets/textures/enemy.gif
10:36:46.600 [JavaFX Application Thread] DEBUG AssetLoader          - Loading from cache: /assets/textures/newPlayer.gif
10:36:46.617 [JavaFX Application Thread] DEBUG AssetLoader          - Loading from cache: /assets/textures/enemy.gif
10:36:46.618 [JavaFX Application Thread] DEBUG AssetLoader          - Loading from cache: /assets/textures/newPlayer.gif
10:36:46.633 [JavaFX Application Thread] DEBUG AssetLoader          - Loading from cache: /assets/textures/enemy.gif
10:36:46.634 [JavaFX Application Thread] DEBUG AssetLoader          - Loading from cache: /assets/textures/newPlayer.gif
10:36:46.650 [JavaFX Application Thread] DEBUG AssetLoader          - Loading from cache: /assets/textures/enemy.gif
10:36:46.651 [JavaFX Application Thread] DEBUG AssetLoader          - Loading from cache: /assets/textures/newPlayer.gif
10:36:46.666 [JavaFX Application Thread] DEBUG AssetLoader          - Loading from cache: /assets/textures/enemy.gif
10:36:46.666 [JavaFX Application Thread] DEBUG AssetLoader          - Loading from cache: /assets/textures/newPlayer.gif
10:36:46.683 [JavaFX Application Thread] DEBUG AssetLoader          - Loading from cache: /assets/textures/enemy.gif
10:36:46.683 [JavaFX Application Thread] DEBUG AssetLoader          - Loading from cache: /assets/textures/newPlayer.gif
10:36:46.697 [JavaFX Application Thread] DEBUG AssetLoader          - Loading from cache: /assets/textures/enemy.gif
10:36:46.697 [JavaFX Application Thread] DEBUG AssetLoader          - Loading from cache: /assets/textures/newPlayer.gif
10:36:46.713 [JavaFX Application Thread] DEBUG AssetLoader          - Loading from cache: /assets/textures/enemy.gif
10:36:46.714 [JavaFX Application Thread] DEBUG AssetLoader          - Loading from cache: /assets/textures/newPlayer.gif
10:36:46.729 [JavaFX Application Thread] DEBUG AssetLoader          - Loading from cache: /assets/textures/enemy.gif
10:36:46.729 [JavaFX Application Thread] DEBUG AssetLoader          - Loading from cache: /assets/textures/newPlayer.gif
10:36:46.745 [JavaFX Application Thread] DEBUG AssetLoader          - Loading from cache: /assets/textures/enemy.gif
10:36:46.745 [JavaFX Application Thread] DEBUG AssetLoader          - Loading from cache: /assets/textures/newPlayer.gif
10:36:46.761 [JavaFX Application Thread] DEBUG AssetLoader          - Loading from cache: /assets/textures/enemy.gif
10:36:46.761 [JavaFX Application Thread] DEBUG AssetLoader          - Loading from cache: /assets/textures/newPlayer.gif
10:36:46.777 [JavaFX Application Thread] DEBUG AssetLoader          - Loading from cache: /assets/textures/enemy.gif
10:36:46.777 [JavaFX Application Thread] DEBUG AssetLoader          - Loading from cache: /assets/textures/newPlayer.gif
10:36:46.793 [JavaFX Application Thread] DEBUG AssetLoader          - Loading from cache: /assets/textures/enemy.gif
10:36:46.793 [JavaFX Application Thread] DEBUG AssetLoader          - Loading from cache: /assets/textures/newPlayer.gif
10:36:46.809 [JavaFX Application Thread] DEBUG AssetLoader          - Loading from cache: /assets/textures/enemy.gif
10:36:46.810 [JavaFX Application Thread] DEBUG AssetLoader          - Loading from cache: /assets/textures/newPlayer.gif
10:36:46.825 [JavaFX Application Thread] DEBUG AssetLoader          - Loading from cache: /assets/textures/enemy.gif
10:36:46.825 [JavaFX Application Thread] DEBUG AssetLoader          - Loading from cache: /assets/textures/newPlayer.gif
10:36:46.841 [JavaFX Application Thread] DEBUG AssetLoader          - Loading from cache: /assets/textures/enemy.gif
10:36:46.841 [JavaFX Application Thread] DEBUG AssetLoader          - Loading from cache: /assets/textures/newPlayer.gif
10:36:46.857 [JavaFX Application Thread] DEBUG AssetLoader          - Loading from cache: /assets/textures/enemy.gif
10:36:46.858 [JavaFX Application Thread] DEBUG AssetLoader          - Loading from cache: /assets/textures/newPlayer.gif
10:36:46.873 [JavaFX Application Thread] DEBUG AssetLoader          - Loading from cache: /assets/textures/enemy.gif
10:36:46.874 [JavaFX Application Thread] DEBUG AssetLoader          - Loading from cache: /assets/textures/newPlayer.gif
10:36:46.890 [JavaFX Application Thread] DEBUG AssetLoader          - Loading from cache: /assets/textures/enemy.gif
10:36:46.890 [JavaFX Application Thread] DEBUG AssetLoader          - Loading from cache: /assets/textures/newPlayer.gif
10:36:46.905 [JavaFX Application Thread] DEBUG AssetLoader          - Loading from cache: /assets/textures/enemy.gif
10:36:46.905 [JavaFX Application Thread] DEBUG AssetLoader          - Loading from cache: /assets/textures/newPlayer.gif
10:36:46.921 [JavaFX Application Thread] DEBUG AssetLoader          - Loading from cache: /assets/textures/enemy.gif
10:36:46.921 [JavaFX Application Thread] DEBUG AssetLoader          - Loading from cache: /assets/textures/newPlayer.gif
10:36:46.938 [JavaFX Application Thread] DEBUG AssetLoader          - Loading from cache: /assets/textures/enemy.gif
10:36:46.939 [JavaFX Application Thread] DEBUG AssetLoader          - Loading from cache: /assets/textures/newPlayer.gif
10:36:46.953 [JavaFX Application Thread] DEBUG AssetLoader          - Loading from cache: /assets/textures/enemy.gif
10:36:46.954 [JavaFX Application Thread] DEBUG AssetLoader          - Loading from cache: /assets/textures/newPlayer.gif
10:36:46.970 [JavaFX Application Thread] DEBUG AssetLoader          - Loading from cache: /assets/textures/enemy.gif
10:36:46.970 [JavaFX Application Thread] DEBUG AssetLoader          - Loading from cache: /assets/textures/newPlayer.gif
10:36:46.985 [JavaFX Application Thread] DEBUG AssetLoader          - Loading from cache: /assets/textures/enemy.gif
10:36:46.986 [JavaFX Application Thread] DEBUG AssetLoader          - Loading from cache: /assets/textures/newPlayer.gif
10:36:47.004 [JavaFX Application Thread] DEBUG AssetLoader          - Loading from cache: /assets/textures/enemy.gif
10:36:47.005 [JavaFX Application Thread] DEBUG AssetLoader          - Loading from cache: /assets/textures/newPlayer.gif
10:36:47.018 [JavaFX Application Thread] DEBUG AssetLoader          - Loading from cache: /assets/textures/enemy.gif
10:36:47.019 [JavaFX Application Thread] DEBUG AssetLoader          - Loading from cache: /assets/textures/newPlayer.gif
10:36:47.034 [JavaFX Application Thread] DEBUG AssetLoader          - Loading from cache: /assets/textures/enemy.gif
10:36:47.034 [JavaFX Application Thread] DEBUG AssetLoader          - Loading from cache: /assets/textures/newPlayer.gif
10:36:47.066 [JavaFX Application Thread] DEBUG AssetLoader          - Loading from cache: /assets/textures/enemy.gif
10:36:47.066 [JavaFX Application Thread] DEBUG AssetLoader          - Loading from cache: /assets/textures/newPlayer.gif
10:36:47.082 [JavaFX Application Thread] DEBUG AssetLoader          - Loading from cache: /assets/textures/enemy.gif
10:36:47.082 [JavaFX Application Thread] DEBUG AssetLoader          - Loading from cache: /assets/textures/newPlayer.gif
10:36:47.097 [JavaFX Application Thread] DEBUG AssetLoader          - Loading from cache: /assets/textures/enemy.gif
10:36:47.097 [JavaFX Application Thread] DEBUG AssetLoader          - Loading from cache: /assets/textures/newPlayer.gif
10:36:47.113 [JavaFX Application Thread] DEBUG AssetLoader          - Loading from cache: /assets/textures/enemy.gif
10:36:47.113 [JavaFX Application Thread] DEBUG AssetLoader          - Loading from cache: /assets/textures/newPlayer.gif
10:36:47.129 [JavaFX Application Thread] DEBUG AssetLoader          - Loading from cache: /assets/textures/enemy.gif
10:36:47.129 [JavaFX Application Thread] DEBUG AssetLoader          - Loading from cache: /assets/textures/newPlayer.gif
10:36:47.145 [JavaFX Application Thread] DEBUG AssetLoader          - Loading from cache: /assets/textures/enemy.gif
10:36:47.145 [JavaFX Application Thread] DEBUG AssetLoader          - Loading from cache: /assets/textures/newPlayer.gif
10:36:47.207 [JavaFX Application Thread] DEBUG Engine               - Exiting FXGL
10:36:47.207 [JavaFX Application Thread] DEBUG Engine               - Shutting down background threads
10:36:47.207 [JavaFX Application Thread] DEBUG Engine               - Saving FXGL system data
10:36:47.209 [JavaFX Application Thread] DEBUG FSServiceImpl        - Writing to: C:\Users\Patrick\Desktop\Demo1\system\fxgl.bundle
10:36:47.211 [JavaFX Application Thread] DEBUG Engine               - Closing logger and exiting JavaFX
